<?xml version="1.0" encoding="UTF-8"?>
<robot generator="Robot 3.0.4 (Python 3.6.1 on win32)" generated="20180702 09:01:56.678">
<suite id="s1" name="TC 004 FetchData" source="C:\Users\TestingWorld\PycharmProjects\RobotAutomation\TestCases\RegistrationTC\TC_004_FetchData.robot">
<test id="s1-t1" name="Robot Fetch Data">
<kw name="Start Browser and Maximize" library="Resources1" type="setup">
<kw name="Open Browser" library="SeleniumLibrary">
<doc>Opens a new browser instance to the given ``url``.</doc>
<arguments>
<arg>http://www.thetestingworld.com/testings</arg>
<arg>Chrome</arg>
</arguments>
<msg timestamp="20180702 09:01:57.579" level="INFO">Opening browser 'Chrome' to base url 'http://www.thetestingworld.com/testings'.</msg>
<status status="PASS" starttime="20180702 09:01:57.577" endtime="20180702 09:02:11.723"></status>
</kw>
<kw name="Maximize Browser Window" library="SeleniumLibrary">
<doc>Maximizes current browser window.</doc>
<status status="PASS" starttime="20180702 09:02:11.724" endtime="20180702 09:02:13.309"></status>
</kw>
<status status="PASS" starttime="20180702 09:01:57.574" endtime="20180702 09:02:13.311"></status>
</kw>
<kw name="Concatenate Username and Password" library="Resources1">
<arguments>
<arg>Testing</arg>
<arg>World</arg>
</arguments>
<kw name="Concatenate Two Values" library="UserKeywords">
<arguments>
<arg>${username}</arg>
<arg>${password}</arg>
</arguments>
<assign>
<var>${resultval}</var>
</assign>
<msg timestamp="20180702 09:02:13.320" level="INFO">${resultval} = Testing World</msg>
<status status="PASS" starttime="20180702 09:02:13.318" endtime="20180702 09:02:13.322"></status>
</kw>
<kw name="Log" library="BuiltIn">
<doc>Logs the given message with the given level.</doc>
<arguments>
<arg>${resultval}</arg>
</arguments>
<msg timestamp="20180702 09:02:13.327" level="INFO">Testing World</msg>
<status status="PASS" starttime="20180702 09:02:13.323" endtime="20180702 09:02:13.330"></status>
</kw>
<status status="PASS" starttime="20180702 09:02:13.315" endtime="20180702 09:02:13.331"></status>
</kw>
<kw name="Open Browser" library="SeleniumLibrary">
<doc>Opens a new browser instance to the given ``url``.</doc>
<arguments>
<arg>${Url}</arg>
<arg>${Browser}</arg>
</arguments>
<msg timestamp="20180702 09:02:13.354" level="INFO">Opening browser 'Chrome' to base url 'http://www.thetestingworld.com/testings'.</msg>
<status status="PASS" starttime="20180702 09:02:13.352" endtime="20180702 09:02:29.126"></status>
</kw>
<kw name="Maximize Browser Window" library="SeleniumLibrary">
<doc>Maximizes current browser window.</doc>
<status status="PASS" starttime="20180702 09:02:29.128" endtime="20180702 09:02:30.151"></status>
</kw>
<kw name="Close Browser Window" library="Resources1" type="teardown">
<kw name="Get Title" library="SeleniumLibrary">
<doc>Returns the title of current page.</doc>
<assign>
<var>${Title}</var>
</assign>
<msg timestamp="20180702 09:02:30.213" level="INFO">${Title} = Login &amp; Sign Up Forms</msg>
<status status="PASS" starttime="20180702 09:02:30.157" endtime="20180702 09:02:30.214"></status>
</kw>
<kw name="Log" library="BuiltIn">
<doc>Logs the given message with the given level.</doc>
<arguments>
<arg>${Title}</arg>
</arguments>
<msg timestamp="20180702 09:02:30.218" level="INFO">Login &amp; Sign Up Forms</msg>
<status status="PASS" starttime="20180702 09:02:30.215" endtime="20180702 09:02:30.219"></status>
</kw>
<kw name="Close Browser" library="SeleniumLibrary">
<doc>Closes the current browser.</doc>
<status status="PASS" starttime="20180702 09:02:30.220" endtime="20180702 09:02:32.695"></status>
</kw>
<status status="PASS" starttime="20180702 09:02:30.154" endtime="20180702 09:02:32.695"></status>
</kw>
<tags>
<tag>DFLT</tag>
</tags>
<status status="PASS" starttime="20180702 09:01:57.570" endtime="20180702 09:02:32.698" critical="yes"></status>
</test>
<doc>This File having testcase of testing ABC Functionality</doc>
<status status="PASS" starttime="20180702 09:01:56.686" endtime="20180702 09:02:32.705"></status>
</suite>
<statistics>
<total>
<stat pass="1" fail="0">Critical Tests</stat>
<stat pass="1" fail="0">All Tests</stat>
</total>
<tag>
<stat pass="1" fail="0">DFLT</stat>
</tag>
<suite>
<stat pass="1" fail="0" id="s1" name="TC 004 FetchData">TC 004 FetchData</stat>
</suite>
</statistics>
<errors>
</errors>
</robot>
