<?xml version="1.0" encoding="UTF-8"?>
<robot generator="Robot 3.1.1 (Python 3.7.2 on win32)" generated="20190201 12:15:52.395" rpa="false">
<suite id="s1" name="TestCases" source="C:\Users\TestingWorld\PycharmProjects\RobotAutomation\TestCases">
<suite id="s1-s1" name="LoginTC" source="C:\Users\TestingWorld\PycharmProjects\RobotAutomation\TestCases\LoginTC">
<suite id="s1-s1-s1" name="TC 001 Start Close Browser" source="C:\Users\TestingWorld\PycharmProjects\RobotAutomation\TestCases\LoginTC\TC_001_Start_Close_Browser.robot">
<kw name="Before Each Test Suite" library="Resources1" type="setup">
<kw name="Log" library="BuiltIn">
<doc>Logs the given message with the given level.</doc>
<arguments>
<arg>Before Each Test Suite</arg>
</arguments>
<msg timestamp="20190201 12:15:53.307" level="INFO">Before Each Test Suite</msg>
<status status="PASS" starttime="20190201 12:15:53.306" endtime="20190201 12:15:53.307"></status>
</kw>
<status status="PASS" starttime="20190201 12:15:53.304" endtime="20190201 12:15:53.308"></status>
</kw>
<test id="s1-s1-s1-t1" name="Robot First Test Case">
<kw name="Start Browser and Maximize" library="Resources1" type="setup">
<kw name="Open Browser" library="SeleniumLibrary">
<doc>Opens a new browser instance to the given ``url``.</doc>
<arguments>
<arg>http://www.thetestingworld.com/testings</arg>
<arg>Chrome</arg>
</arguments>
<msg timestamp="20190201 12:15:53.314" level="INFO">Opening browser 'Chrome' to base url 'http://www.thetestingworld.com/testings'.</msg>
<status status="PASS" starttime="20190201 12:15:53.313" endtime="20190201 12:15:58.857"></status>
</kw>
<kw name="Maximize Browser Window" library="SeleniumLibrary">
<doc>Maximizes current browser window.</doc>
<status status="PASS" starttime="20190201 12:15:58.858" endtime="20190201 12:16:00.214"></status>
</kw>
<status status="PASS" starttime="20190201 12:15:53.312" endtime="20190201 12:16:00.215"></status>
</kw>
<kw name="Read Element Locator">
<arguments>
<arg>Registration.username_textbox_name</arg>
</arguments>
<assign>
<var>${username}</var>
</assign>
<kw name="read_locator_from_json">
<arguments>
<arg>${JsonPath}</arg>
</arguments>
<assign>
<var>${result}=</var>
</assign>
<msg timestamp="20190201 12:16:00.308" level="FAIL">No keyword with name 'read_locator_from_json' found.</msg>
<status status="FAIL" starttime="20190201 12:16:00.307" endtime="20190201 12:16:00.308"></status>
</kw>
<status status="FAIL" starttime="20190201 12:16:00.242" endtime="20190201 12:16:00.309"></status>
</kw>
<kw name="Close Browser Window" library="Resources1" type="teardown">
<kw name="Get Title" library="SeleniumLibrary">
<doc>Returns the title of current page.</doc>
<assign>
<var>${Title}</var>
</assign>
<msg timestamp="20190201 12:16:00.416" level="INFO">${Title} = Login &amp; Sign Up Forms</msg>
<status status="PASS" starttime="20190201 12:16:00.381" endtime="20190201 12:16:00.416"></status>
</kw>
<kw name="Log" library="BuiltIn">
<doc>Logs the given message with the given level.</doc>
<arguments>
<arg>${Title}</arg>
</arguments>
<msg timestamp="20190201 12:16:00.419" level="INFO">Login &amp; Sign Up Forms</msg>
<status status="PASS" starttime="20190201 12:16:00.417" endtime="20190201 12:16:00.420"></status>
</kw>
<kw name="Close Browser" library="SeleniumLibrary">
<doc>Closes the current browser.</doc>
<status status="PASS" starttime="20190201 12:16:00.421" endtime="20190201 12:16:02.842"></status>
</kw>
<status status="PASS" starttime="20190201 12:16:00.379" endtime="20190201 12:16:02.843"></status>
</kw>
<tags>
<tag>ALL_TC</tag>
<tag>Smoke</tag>
</tags>
<status status="FAIL" starttime="20190201 12:15:53.308" endtime="20190201 12:16:02.845" critical="yes">No keyword with name 'read_locator_from_json' found.</status>
</test>
<test id="s1-s1-s1-t2" name="Robot Next Test Case">
<kw name="Start Browser and Maximize" library="Resources1" type="setup">
<kw name="Open Browser" library="SeleniumLibrary">
<doc>Opens a new browser instance to the given ``url``.</doc>
<arguments>
<arg>http://www.thetestingworld.com/testings</arg>
<arg>Chrome</arg>
</arguments>
<msg timestamp="20190201 12:16:02.857" level="INFO">Opening browser 'Chrome' to base url 'http://www.thetestingworld.com/testings'.</msg>
<status status="PASS" starttime="20190201 12:16:02.856" endtime="20190201 12:16:08.366"></status>
</kw>
<kw name="Maximize Browser Window" library="SeleniumLibrary">
<doc>Maximizes current browser window.</doc>
<status status="PASS" starttime="20190201 12:16:08.368" endtime="20190201 12:16:09.749"></status>
</kw>
<status status="PASS" starttime="20190201 12:16:02.853" endtime="20190201 12:16:09.750"></status>
</kw>
<kw name="Select Radio Button" library="SeleniumLibrary">
<doc>Sets radio button group ``group_name`` to ``value``.</doc>
<arguments>
<arg>add_type</arg>
<arg>office</arg>
</arguments>
<msg timestamp="20190201 12:16:09.765" level="INFO">Selecting 'office' from radio button 'add_type'.</msg>
<status status="PASS" starttime="20190201 12:16:09.763" endtime="20190201 12:16:10.162"></status>
</kw>
<kw name="Close Browser Window" library="Resources1" type="teardown">
<kw name="Get Title" library="SeleniumLibrary">
<doc>Returns the title of current page.</doc>
<assign>
<var>${Title}</var>
</assign>
<msg timestamp="20190201 12:16:10.187" level="INFO">${Title} = Login &amp; Sign Up Forms</msg>
<status status="PASS" starttime="20190201 12:16:10.167" endtime="20190201 12:16:10.188"></status>
</kw>
<kw name="Log" library="BuiltIn">
<doc>Logs the given message with the given level.</doc>
<arguments>
<arg>${Title}</arg>
</arguments>
<msg timestamp="20190201 12:16:10.190" level="INFO">Login &amp; Sign Up Forms</msg>
<status status="PASS" starttime="20190201 12:16:10.189" endtime="20190201 12:16:10.191"></status>
</kw>
<kw name="Close Browser" library="SeleniumLibrary">
<doc>Closes the current browser.</doc>
<status status="PASS" starttime="20190201 12:16:10.192" endtime="20190201 12:16:12.504"></status>
</kw>
<status status="PASS" starttime="20190201 12:16:10.164" endtime="20190201 12:16:12.505"></status>
</kw>
<tags>
<tag>ALL_TC</tag>
<tag>DFLT</tag>
</tags>
<status status="PASS" starttime="20190201 12:16:02.850" endtime="20190201 12:16:12.505" critical="yes"></status>
</test>
<kw name="After Each Test Suite" library="Resources1" type="teardown">
<kw name="Log" library="BuiltIn">
<doc>Logs the given message with the given level.</doc>
<arguments>
<arg>After Each Test Suite</arg>
</arguments>
<msg timestamp="20190201 12:16:12.515" level="INFO">After Each Test Suite</msg>
<status status="PASS" starttime="20190201 12:16:12.513" endtime="20190201 12:16:12.515"></status>
</kw>
<status status="PASS" starttime="20190201 12:16:12.512" endtime="20190201 12:16:12.516"></status>
</kw>
<doc>This File having testcase of testing ABC Functionality</doc>
<status status="FAIL" starttime="20190201 12:15:52.579" endtime="20190201 12:16:12.516"></status>
</suite>
<suite id="s1-s1-s2" name="TC 002 Start Close Browser" source="C:\Users\TestingWorld\PycharmProjects\RobotAutomation\TestCases\LoginTC\TC_002_Start_Close_Browser.robot">
<test id="s1-s1-s2-t1" name="Robot Second Test Case">
<kw name="Start Browser and Maximize" library="Resources1" type="setup">
<kw name="Open Browser" library="SeleniumLibrary">
<doc>Opens a new browser instance to the given ``url``.</doc>
<arguments>
<arg>http://www.thetestingworld.com/testings</arg>
<arg>Chrome</arg>
</arguments>
<msg timestamp="20190201 12:16:12.623" level="INFO">Opening browser 'Chrome' to base url 'http://www.thetestingworld.com/testings'.</msg>
<status status="PASS" starttime="20190201 12:16:12.622" endtime="20190201 12:16:18.234"></status>
</kw>
<kw name="Maximize Browser Window" library="SeleniumLibrary">
<doc>Maximizes current browser window.</doc>
<status status="PASS" starttime="20190201 12:16:18.235" endtime="20190201 12:16:19.506"></status>
</kw>
<status status="PASS" starttime="20190201 12:16:12.620" endtime="20190201 12:16:19.507"></status>
</kw>
<kw name="Input Text" library="SeleniumLibrary">
<doc>Types the given ``text`` into text field identified by ``locator``.</doc>
<arguments>
<arg>name:fld_username</arg>
<arg>Testing</arg>
</arguments>
<msg timestamp="20190201 12:16:19.513" level="INFO">Typing text 'Testing' into text field 'name:fld_username'.</msg>
<status status="PASS" starttime="20190201 12:16:19.511" endtime="20190201 12:16:20.336"></status>
</kw>
<kw name="Input Text" library="SeleniumLibrary">
<doc>Types the given ``text`` into text field identified by ``locator``.</doc>
<arguments>
<arg>name:fld_email</arg>
<arg>testingworldinida@gmail.com</arg>
</arguments>
<msg timestamp="20190201 12:16:20.341" level="INFO">Typing text 'testingworldinida@gmail.com' into text field 'name:fld_email'.</msg>
<status status="PASS" starttime="20190201 12:16:20.339" endtime="20190201 12:16:21.429"></status>
</kw>
<kw name="Input Text" library="SeleniumLibrary">
<doc>Types the given ``text`` into text field identified by ``locator``.</doc>
<arguments>
<arg>name:fld_password</arg>
<arg>123456</arg>
</arguments>
<msg timestamp="20190201 12:16:21.431" level="INFO">Typing text '123456' into text field 'name:fld_password'.</msg>
<status status="PASS" starttime="20190201 12:16:21.430" endtime="20190201 12:16:21.778"></status>
</kw>
<kw name="Close Browser Window" library="Resources1" type="teardown">
<kw name="Get Title" library="SeleniumLibrary">
<doc>Returns the title of current page.</doc>
<assign>
<var>${Title}</var>
</assign>
<msg timestamp="20190201 12:16:21.795" level="INFO">${Title} = Login &amp; Sign Up Forms</msg>
<status status="PASS" starttime="20190201 12:16:21.781" endtime="20190201 12:16:21.795"></status>
</kw>
<kw name="Log" library="BuiltIn">
<doc>Logs the given message with the given level.</doc>
<arguments>
<arg>${Title}</arg>
</arguments>
<msg timestamp="20190201 12:16:21.801" level="INFO">Login &amp; Sign Up Forms</msg>
<status status="PASS" starttime="20190201 12:16:21.796" endtime="20190201 12:16:21.802"></status>
</kw>
<kw name="Close Browser" library="SeleniumLibrary">
<doc>Closes the current browser.</doc>
<status status="PASS" starttime="20190201 12:16:21.803" endtime="20190201 12:16:23.964"></status>
</kw>
<status status="PASS" starttime="20190201 12:16:21.780" endtime="20190201 12:16:23.965"></status>
</kw>
<tags>
<tag>ALL_TC</tag>
<tag>DFLT</tag>
</tags>
<status status="PASS" starttime="20190201 12:16:12.616" endtime="20190201 12:16:23.968" critical="yes"></status>
</test>
<test id="s1-s1-s2-t2" name="Robot Second Next Test Case">
<kw name="Start Browser and Maximize" library="Resources1" type="setup">
<kw name="Open Browser" library="SeleniumLibrary">
<doc>Opens a new browser instance to the given ``url``.</doc>
<arguments>
<arg>http://www.thetestingworld.com/testings</arg>
<arg>Chrome</arg>
</arguments>
<msg timestamp="20190201 12:16:23.985" level="INFO">Opening browser 'Chrome' to base url 'http://www.thetestingworld.com/testings'.</msg>
<status status="PASS" starttime="20190201 12:16:23.983" endtime="20190201 12:16:32.034"></status>
</kw>
<kw name="Maximize Browser Window" library="SeleniumLibrary">
<doc>Maximizes current browser window.</doc>
<status status="PASS" starttime="20190201 12:16:32.035" endtime="20190201 12:16:33.278"></status>
</kw>
<status status="PASS" starttime="20190201 12:16:23.981" endtime="20190201 12:16:33.279"></status>
</kw>
<kw name="Select Radio Button" library="SeleniumLibrary">
<doc>Sets radio button group ``group_name`` to ``value``.</doc>
<arguments>
<arg>add_type</arg>
<arg>office</arg>
</arguments>
<msg timestamp="20190201 12:16:33.292" level="INFO">Selecting 'office' from radio button 'add_type'.</msg>
<status status="PASS" starttime="20190201 12:16:33.291" endtime="20190201 12:16:33.630"></status>
</kw>
<kw name="Close Browser Window" library="Resources1" type="teardown">
<kw name="Get Title" library="SeleniumLibrary">
<doc>Returns the title of current page.</doc>
<assign>
<var>${Title}</var>
</assign>
<msg timestamp="20190201 12:16:33.648" level="INFO">${Title} = Login &amp; Sign Up Forms</msg>
<status status="PASS" starttime="20190201 12:16:33.634" endtime="20190201 12:16:33.648"></status>
</kw>
<kw name="Log" library="BuiltIn">
<doc>Logs the given message with the given level.</doc>
<arguments>
<arg>${Title}</arg>
</arguments>
<msg timestamp="20190201 12:16:33.650" level="INFO">Login &amp; Sign Up Forms</msg>
<status status="PASS" starttime="20190201 12:16:33.649" endtime="20190201 12:16:33.651"></status>
</kw>
<kw name="Close Browser" library="SeleniumLibrary">
<doc>Closes the current browser.</doc>
<status status="PASS" starttime="20190201 12:16:33.651" endtime="20190201 12:16:35.867"></status>
</kw>
<status status="PASS" starttime="20190201 12:16:33.632" endtime="20190201 12:16:35.867"></status>
</kw>
<tags>
<tag>ALL_TC</tag>
<tag>Regression</tag>
</tags>
<status status="PASS" starttime="20190201 12:16:23.975" endtime="20190201 12:16:35.869" critical="yes"></status>
</test>
<doc>This File having testcase of testing ABC Functionality</doc>
<status status="PASS" starttime="20190201 12:16:12.536" endtime="20190201 12:16:35.877"></status>
</suite>
<suite id="s1-s1-s3" name="TC 003 BDD" source="C:\Users\TestingWorld\PycharmProjects\RobotAutomation\TestCases\LoginTC\TC_003_BDD.robot">
<test id="s1-s1-s3-t1" name="Test Case in BDD Format">
<kw name="Given Start Browser and Maximize" library="Resources1">
<kw name="Open Browser" library="SeleniumLibrary">
<doc>Opens a new browser instance to the given ``url``.</doc>
<arguments>
<arg>http://www.thetestingworld.com/testings</arg>
<arg>Chrome</arg>
</arguments>
<msg timestamp="20190201 12:16:35.939" level="INFO">Opening browser 'Chrome' to base url 'http://www.thetestingworld.com/testings'.</msg>
<status status="PASS" starttime="20190201 12:16:35.937" endtime="20190201 12:16:41.074"></status>
</kw>
<kw name="Maximize Browser Window" library="SeleniumLibrary">
<doc>Maximizes current browser window.</doc>
<status status="PASS" starttime="20190201 12:16:41.075" endtime="20190201 12:16:42.440"></status>
</kw>
<status status="PASS" starttime="20190201 12:16:35.934" endtime="20190201 12:16:42.441"></status>
</kw>
<kw name="When Create Folder at Runtime" library="Resources1">
<arguments>
<arg>ABCD</arg>
<arg>XYZM</arg>
</arguments>
<kw name="Create Folder" library="UserKeywords">
<arguments>
<arg>${foldername}</arg>
</arguments>
<msg timestamp="20190201 12:16:42.471" level="FAIL">FileExistsError: [WinError 183] Cannot create a file when that file already exists: 'E:\\ABCD'</msg>
<status status="FAIL" starttime="20190201 12:16:42.466" endtime="20190201 12:16:42.472"></status>
</kw>
<status status="FAIL" starttime="20190201 12:16:42.461" endtime="20190201 12:16:42.473"></status>
</kw>
<status status="FAIL" starttime="20190201 12:16:35.932" endtime="20190201 12:16:42.474" critical="yes">FileExistsError: [WinError 183] Cannot create a file when that file already exists: 'E:\\ABCD'</status>
</test>
<status status="FAIL" starttime="20190201 12:16:35.898" endtime="20190201 12:16:42.489"></status>
</suite>
<status status="FAIL" starttime="20190201 12:15:52.562" endtime="20190201 12:16:42.506"></status>
</suite>
<suite id="s1-s2" name="RegistrationTC" source="C:\Users\TestingWorld\PycharmProjects\RobotAutomation\TestCases\RegistrationTC">
<suite id="s1-s2-s1" name="TC 003 Start Close Browser" source="C:\Users\TestingWorld\PycharmProjects\RobotAutomation\TestCases\RegistrationTC\TC_003_Start_Close_Browser.robot">
<test id="s1-s2-s1-t1" name="Robot Third Test Case">
<kw name="Start Browser and Maximize" library="Resources1" type="setup">
<kw name="Open Browser" library="SeleniumLibrary">
<doc>Opens a new browser instance to the given ``url``.</doc>
<arguments>
<arg>http://www.thetestingworld.com/testings</arg>
<arg>Chrome</arg>
</arguments>
<msg timestamp="20190201 12:16:42.595" level="INFO">Opening browser 'Chrome' to base url 'http://www.thetestingworld.com/testings'.</msg>
<status status="PASS" starttime="20190201 12:16:42.593" endtime="20190201 12:16:48.549"></status>
</kw>
<kw name="Maximize Browser Window" library="SeleniumLibrary">
<doc>Maximizes current browser window.</doc>
<status status="PASS" starttime="20190201 12:16:48.549" endtime="20190201 12:16:49.781"></status>
</kw>
<status status="PASS" starttime="20190201 12:16:42.591" endtime="20190201 12:16:49.782"></status>
</kw>
<kw name="Input Text" library="SeleniumLibrary">
<doc>Types the given ``text`` into text field identified by ``locator``.</doc>
<arguments>
<arg>name:fld_username</arg>
<arg>Testing</arg>
</arguments>
<msg timestamp="20190201 12:16:49.799" level="INFO">Typing text 'Testing' into text field 'name:fld_username'.</msg>
<status status="PASS" starttime="20190201 12:16:49.797" endtime="20190201 12:16:50.660"></status>
</kw>
<kw name="Input Text" library="SeleniumLibrary">
<doc>Types the given ``text`` into text field identified by ``locator``.</doc>
<arguments>
<arg>name:fld_email</arg>
<arg>testingworldinida@gmail.com</arg>
</arguments>
<msg timestamp="20190201 12:16:50.662" level="INFO">Typing text 'testingworldinida@gmail.com' into text field 'name:fld_email'.</msg>
<status status="PASS" starttime="20190201 12:16:50.661" endtime="20190201 12:16:51.464"></status>
</kw>
<kw name="Input Text" library="SeleniumLibrary">
<doc>Types the given ``text`` into text field identified by ``locator``.</doc>
<arguments>
<arg>name:fld_password</arg>
<arg>123456</arg>
</arguments>
<msg timestamp="20190201 12:16:51.467" level="INFO">Typing text '123456' into text field 'name:fld_password'.</msg>
<status status="PASS" starttime="20190201 12:16:51.466" endtime="20190201 12:16:51.914"></status>
</kw>
<kw name="Close Browser Window" library="Resources1" type="teardown">
<kw name="Get Title" library="SeleniumLibrary">
<doc>Returns the title of current page.</doc>
<assign>
<var>${Title}</var>
</assign>
<msg timestamp="20190201 12:16:51.980" level="INFO">${Title} = Login &amp; Sign Up Forms</msg>
<status status="PASS" starttime="20190201 12:16:51.919" endtime="20190201 12:16:51.981"></status>
</kw>
<kw name="Log" library="BuiltIn">
<doc>Logs the given message with the given level.</doc>
<arguments>
<arg>${Title}</arg>
</arguments>
<msg timestamp="20190201 12:16:51.982" level="INFO">Login &amp; Sign Up Forms</msg>
<status status="PASS" starttime="20190201 12:16:51.981" endtime="20190201 12:16:51.982"></status>
</kw>
<kw name="Close Browser" library="SeleniumLibrary">
<doc>Closes the current browser.</doc>
<status status="PASS" starttime="20190201 12:16:51.983" endtime="20190201 12:16:54.342"></status>
</kw>
<status status="PASS" starttime="20190201 12:16:51.917" endtime="20190201 12:16:54.342"></status>
</kw>
<tags>
<tag>Sanity</tag>
</tags>
<status status="PASS" starttime="20190201 12:16:42.586" endtime="20190201 12:16:54.344" critical="yes"></status>
</test>
<test id="s1-s2-s1-t2" name="Robot Third Next Test Case">
<kw name="Start Browser and Maximize" library="Resources1" type="setup">
<kw name="Open Browser" library="SeleniumLibrary">
<doc>Opens a new browser instance to the given ``url``.</doc>
<arguments>
<arg>http://www.thetestingworld.com/testings</arg>
<arg>Chrome</arg>
</arguments>
<msg timestamp="20190201 12:16:54.359" level="INFO">Opening browser 'Chrome' to base url 'http://www.thetestingworld.com/testings'.</msg>
<status status="PASS" starttime="20190201 12:16:54.357" endtime="20190201 12:16:59.410"></status>
</kw>
<kw name="Maximize Browser Window" library="SeleniumLibrary">
<doc>Maximizes current browser window.</doc>
<status status="PASS" starttime="20190201 12:16:59.411" endtime="20190201 12:17:00.688"></status>
</kw>
<status status="PASS" starttime="20190201 12:16:54.353" endtime="20190201 12:17:00.690"></status>
</kw>
<kw name="Select Radio Button" library="SeleniumLibrary">
<doc>Sets radio button group ``group_name`` to ``value``.</doc>
<arguments>
<arg>add_type</arg>
<arg>office</arg>
</arguments>
<msg timestamp="20190201 12:17:00.719" level="INFO">Selecting 'office' from radio button 'add_type'.</msg>
<status status="PASS" starttime="20190201 12:17:00.718" endtime="20190201 12:17:01.132"></status>
</kw>
<kw name="Close Browser Window" library="Resources1" type="teardown">
<kw name="Get Title" library="SeleniumLibrary">
<doc>Returns the title of current page.</doc>
<assign>
<var>${Title}</var>
</assign>
<msg timestamp="20190201 12:17:01.159" level="INFO">${Title} = Login &amp; Sign Up Forms</msg>
<status status="PASS" starttime="20190201 12:17:01.138" endtime="20190201 12:17:01.159"></status>
</kw>
<kw name="Log" library="BuiltIn">
<doc>Logs the given message with the given level.</doc>
<arguments>
<arg>${Title}</arg>
</arguments>
<msg timestamp="20190201 12:17:01.162" level="INFO">Login &amp; Sign Up Forms</msg>
<status status="PASS" starttime="20190201 12:17:01.160" endtime="20190201 12:17:01.162"></status>
</kw>
<kw name="Close Browser" library="SeleniumLibrary">
<doc>Closes the current browser.</doc>
<status status="PASS" starttime="20190201 12:17:01.163" endtime="20190201 12:17:03.469"></status>
</kw>
<status status="PASS" starttime="20190201 12:17:01.136" endtime="20190201 12:17:03.470"></status>
</kw>
<tags>
<tag>Regression</tag>
<tag>Testing</tag>
</tags>
<status status="PASS" starttime="20190201 12:16:54.348" endtime="20190201 12:17:03.473" critical="yes"></status>
</test>
<doc>This File having testcase of testing ABC Functionality</doc>
<status status="PASS" starttime="20190201 12:16:42.545" endtime="20190201 12:17:03.492"></status>
</suite>
<suite id="s1-s2-s2" name="TC 004 FetchData" source="C:\Users\TestingWorld\PycharmProjects\RobotAutomation\TestCases\RegistrationTC\TC_004_FetchData.robot">
<test id="s1-s2-s2-t1" name="Robot Fetch Data">
<kw name="Start Browser and Maximize" library="Resources1" type="setup">
<kw name="Open Browser" library="SeleniumLibrary">
<doc>Opens a new browser instance to the given ``url``.</doc>
<arguments>
<arg>http://www.thetestingworld.com/testings</arg>
<arg>Chrome</arg>
</arguments>
<msg timestamp="20190201 12:17:03.581" level="INFO">Opening browser 'Chrome' to base url 'http://www.thetestingworld.com/testings'.</msg>
<status status="PASS" starttime="20190201 12:17:03.579" endtime="20190201 12:17:09.273"></status>
</kw>
<kw name="Maximize Browser Window" library="SeleniumLibrary">
<doc>Maximizes current browser window.</doc>
<status status="PASS" starttime="20190201 12:17:09.274" endtime="20190201 12:17:10.495"></status>
</kw>
<status status="PASS" starttime="20190201 12:17:03.577" endtime="20190201 12:17:10.496"></status>
</kw>
<kw name="Concatenate Username and Password" library="Resources1">
<arguments>
<arg>Testing</arg>
<arg>World</arg>
</arguments>
<kw name="Concatenate Two Values" library="UserKeywords">
<arguments>
<arg>${username}</arg>
<arg>${password}</arg>
</arguments>
<assign>
<var>${resultval}</var>
</assign>
<msg timestamp="20190201 12:17:10.499" level="INFO">${resultval} = Testing World</msg>
<status status="PASS" starttime="20190201 12:17:10.498" endtime="20190201 12:17:10.499"></status>
</kw>
<kw name="Log" library="BuiltIn">
<doc>Logs the given message with the given level.</doc>
<arguments>
<arg>${resultval}</arg>
</arguments>
<msg timestamp="20190201 12:17:10.500" level="INFO">Testing World</msg>
<status status="PASS" starttime="20190201 12:17:10.499" endtime="20190201 12:17:10.500"></status>
</kw>
<status status="PASS" starttime="20190201 12:17:10.497" endtime="20190201 12:17:10.501"></status>
</kw>
<kw name="Open Browser" library="SeleniumLibrary">
<doc>Opens a new browser instance to the given ``url``.</doc>
<arguments>
<arg>${Url}</arg>
<arg>${Browser}</arg>
</arguments>
<msg timestamp="20190201 12:17:10.502" level="INFO">Opening browser 'Chrome' to base url 'http://www.thetestingworld.com/testings'.</msg>
<status status="PASS" starttime="20190201 12:17:10.501" endtime="20190201 12:17:17.805"></status>
</kw>
<kw name="Maximize Browser Window" library="SeleniumLibrary">
<doc>Maximizes current browser window.</doc>
<status status="PASS" starttime="20190201 12:17:17.824" endtime="20190201 12:17:19.246"></status>
</kw>
<kw name="Close Browser Window" library="Resources1" type="teardown">
<kw name="Get Title" library="SeleniumLibrary">
<doc>Returns the title of current page.</doc>
<assign>
<var>${Title}</var>
</assign>
<msg timestamp="20190201 12:17:19.297" level="INFO">${Title} = Login &amp; Sign Up Forms</msg>
<status status="PASS" starttime="20190201 12:17:19.248" endtime="20190201 12:17:19.297"></status>
</kw>
<kw name="Log" library="BuiltIn">
<doc>Logs the given message with the given level.</doc>
<arguments>
<arg>${Title}</arg>
</arguments>
<msg timestamp="20190201 12:17:19.298" level="INFO">Login &amp; Sign Up Forms</msg>
<status status="PASS" starttime="20190201 12:17:19.297" endtime="20190201 12:17:19.298"></status>
</kw>
<kw name="Close Browser" library="SeleniumLibrary">
<doc>Closes the current browser.</doc>
<status status="PASS" starttime="20190201 12:17:19.299" endtime="20190201 12:17:21.464"></status>
</kw>
<status status="PASS" starttime="20190201 12:17:19.247" endtime="20190201 12:17:21.464"></status>
</kw>
<tags>
<tag>DFLT</tag>
</tags>
<status status="PASS" starttime="20190201 12:17:03.573" endtime="20190201 12:17:21.466" critical="yes"></status>
</test>
<doc>This File having testcase of testing ABC Functionality</doc>
<status status="PASS" starttime="20190201 12:17:03.512" endtime="20190201 12:17:21.472"></status>
</suite>
<status status="PASS" starttime="20190201 12:16:42.526" endtime="20190201 12:17:21.493"></status>
</suite>
<status status="FAIL" starttime="20190201 12:15:52.401" endtime="20190201 12:17:21.526"></status>
</suite>
<statistics>
<total>
<stat pass="6" fail="2">Critical Tests</stat>
<stat pass="6" fail="2">All Tests</stat>
</total>
<tag>
<stat pass="3" fail="1">ALL_TC</stat>
<stat pass="3" fail="0">DFLT</stat>
<stat pass="2" fail="0">Regression</stat>
<stat pass="1" fail="0">Sanity</stat>
<stat pass="0" fail="1">Smoke</stat>
<stat pass="1" fail="0">Testing</stat>
</tag>
<suite>
<stat pass="6" fail="2" id="s1" name="TestCases">TestCases</stat>
<stat pass="3" fail="2" id="s1-s1" name="LoginTC">TestCases.LoginTC</stat>
<stat pass="1" fail="1" id="s1-s1-s1" name="TC 001 Start Close Browser">TestCases.LoginTC.TC 001 Start Close Browser</stat>
<stat pass="2" fail="0" id="s1-s1-s2" name="TC 002 Start Close Browser">TestCases.LoginTC.TC 002 Start Close Browser</stat>
<stat pass="0" fail="1" id="s1-s1-s3" name="TC 003 BDD">TestCases.LoginTC.TC 003 BDD</stat>
<stat pass="3" fail="0" id="s1-s2" name="RegistrationTC">TestCases.RegistrationTC</stat>
<stat pass="2" fail="0" id="s1-s2-s1" name="TC 003 Start Close Browser">TestCases.RegistrationTC.TC 003 Start Close Browser</stat>
<stat pass="1" fail="0" id="s1-s2-s2" name="TC 004 FetchData">TestCases.RegistrationTC.TC 004 FetchData</stat>
</suite>
</statistics>
<errors>
<msg timestamp="20190201 12:15:53.297" level="ERROR">Error in file 'C:\Users\TestingWorld\PycharmProjects\RobotAutomation\TestCases\LoginTC\TC_001_Start_Close_Browser.robot': Importing test library 'C:\Users\TestingWorld\PycharmProjects\RobotAutomation\ExternalKeywords\Locators.py' failed: ModuleNotFoundError: No module named 'jsonpath'
Traceback (most recent call last):
  File "C:\Users\TestingWorld\PycharmProjects\RobotAutomation\ExternalKeywords\Locators.py", line 2, in &lt;module&gt;
    import jsonpath
PYTHONPATH:
  C:\Python37\Scripts\robot.exe
  c:\python37\python37.zip
  c:\python37\DLLs
  c:\python37\lib
  c:\python37
  c:\python37\lib\site-packages</msg>
</errors>
</robot>
