<?xml version="1.0" encoding="UTF-8"?>
<robot generator="Robot 3.2.2 (Python 3.8.3 on win32)" generated="20210201 23:05:12.013" rpa="false">
<suite id="s1" name="test TC001 moje" source="D:\GITHUB\Selenium_Python_beginner_to_advanced_with_jenkins_git_robot_legacy-Course\Selenium-Robot-Automation\TestCases\LoginTC\test_TC001_moje.robot">
<test id="s1-t1" name="test_TC001_moje">
<kw name="Open Browser" library="SeleniumLibrary">
<doc>Opens a new browser instance to the optional ``url``.</doc>
<arguments>
<arg>${URL}</arg>
<arg>${Browser}</arg>
</arguments>
<msg timestamp="20210201 23:05:12.194" level="INFO">Opening browser 'Chrome' to base url 'http://www.thetestingworld.com/testings'.</msg>
<status status="PASS" starttime="20210201 23:05:12.194" endtime="20210201 23:05:16.118"></status>
</kw>
<kw name="Maximize Browser Window" library="SeleniumLibrary">
<doc>Maximizes current browser window.</doc>
<status status="PASS" starttime="20210201 23:05:16.118" endtime="20210201 23:05:16.236"></status>
</kw>
<kw name="Input Text" library="SeleniumLibrary">
<doc>Types the given ``text`` into the text field identified by ``locator``.</doc>
<arguments>
<arg>name:fld_username</arg>
<arg>tests</arg>
</arguments>
<msg timestamp="20210201 23:05:16.236" level="INFO">Typing text 'tests' into text field 'name:fld_username'.</msg>
<status status="PASS" starttime="20210201 23:05:16.236" endtime="20210201 23:05:16.305"></status>
</kw>
<kw name="Input Text" library="SeleniumLibrary">
<doc>Types the given ``text`` into the text field identified by ``locator``.</doc>
<arguments>
<arg>xpath://input[@name='fld_email']</arg>
<arg>test@wp.pl</arg>
</arguments>
<msg timestamp="20210201 23:05:16.306" level="INFO">Typing text 'test@wp.pl' into text field 'xpath://input[@name='fld_email']'.</msg>
<status status="PASS" starttime="20210201 23:05:16.305" endtime="20210201 23:05:16.369"></status>
</kw>
<kw name="Clear Element Text" library="SeleniumLibrary">
<doc>Clears the value of the text-input-element identified by ``locator``.</doc>
<arguments>
<arg>name:fld_username</arg>
</arguments>
<status status="PASS" starttime="20210201 23:05:16.370" endtime="20210201 23:05:16.392"></status>
</kw>
<kw name="Input Text" library="SeleniumLibrary">
<doc>Types the given ``text`` into the text field identified by ``locator``.</doc>
<arguments>
<arg>name:fld_username</arg>
<arg>tests11111</arg>
</arguments>
<msg timestamp="20210201 23:05:16.393" level="INFO">Typing text 'tests11111' into text field 'name:fld_username'.</msg>
<status status="PASS" starttime="20210201 23:05:16.393" endtime="20210201 23:05:16.436"></status>
</kw>
<kw name="Select Radio Button" library="SeleniumLibrary">
<doc>Sets the radio button group ``group_name`` to ``value``.</doc>
<arguments>
<arg>add_type</arg>
<arg>office</arg>
</arguments>
<msg timestamp="20210201 23:05:16.437" level="INFO">Selecting 'office' from radio button 'add_type'.</msg>
<status status="PASS" starttime="20210201 23:05:16.437" endtime="20210201 23:05:16.480"></status>
</kw>
<kw name="Select Checkbox" library="SeleniumLibrary">
<doc>Selects the checkbox identified by ``locator``.</doc>
<arguments>
<arg>xpath://input[@name='terms']</arg>
</arguments>
<msg timestamp="20210201 23:05:16.481" level="INFO">Selecting checkbox 'xpath://input[@name='terms']'.</msg>
<status status="PASS" starttime="20210201 23:05:16.480" endtime="20210201 23:05:16.559"></status>
</kw>
<kw name="Click Link" library="SeleniumLibrary">
<doc>Clicks a link identified by ``locator``.</doc>
<arguments>
<arg>xpath://a[text()='Read Details']</arg>
</arguments>
<msg timestamp="20210201 23:05:16.559" level="INFO">Clicking link 'xpath://a[text()='Read Details']'.</msg>
<kw name="Capture Page Screenshot" library="SeleniumLibrary">
<doc>Takes a screenshot of the current page and embeds it into a log file.</doc>
<msg timestamp="20210201 23:05:17.019" level="INFO" html="yes">&lt;/td&gt;&lt;/tr&gt;&lt;tr&gt;&lt;td colspan="3"&gt;&lt;a href="selenium-screenshot-18.png"&gt;&lt;img src="selenium-screenshot-18.png" width="800px"&gt;&lt;/a&gt;</msg>
<status status="PASS" starttime="20210201 23:05:16.569" endtime="20210201 23:05:17.019"></status>
</kw>
<msg timestamp="20210201 23:05:17.021" level="FAIL">Link with locator 'xpath://a[text()='Read Details']' not found.</msg>
<status status="FAIL" starttime="20210201 23:05:16.559" endtime="20210201 23:05:17.021"></status>
</kw>
<status status="FAIL" starttime="20210201 23:05:12.193" endtime="20210201 23:05:17.022" critical="yes">Link with locator 'xpath://a[text()='Read Details']' not found.</status>
</test>
<status status="FAIL" starttime="20210201 23:05:12.014" endtime="20210201 23:05:17.023"></status>
</suite>
<statistics>
<total>
<stat pass="0" fail="1">Critical Tests</stat>
<stat pass="0" fail="1">All Tests</stat>
</total>
<tag>
</tag>
<suite>
<stat pass="0" fail="1" id="s1" name="test TC001 moje">test TC001 moje</stat>
</suite>
</statistics>
<errors>
</errors>
</robot>
